<?xml version="1.0" encoding="UTF-8"?>
<testsuite xmlns:xsi="http://www.w3.org/2001/XMLSchema-instance" xsi:noNamespaceSchemaLocation="https://maven.apache.org/surefire/maven-surefire-plugin/xsd/surefire-test-report-3.0.xsd" version="3.0" name="com.cerdocapitalista.banco.RunCucumberTest" time="0.62" tests="1" errors="0" skipped="0" failures="0">
  <properties>
[...]
</properties>
  <testcase name="Crear cuenta nueva" classname="Banco" time="0.232">
    <system-out><![CDATA[
Scenario: Crear cuenta nueva                                                              &amp#27;[90m# hellocucumber/banco.feature:3&amp#27;[0m
  &amp#27;[32mWhen &amp#27;[0m&amp#27;[32mcuando cree una cuenta nueva de nombre &amp#27;[0m&amp#27;[32m&amp#27;[1m"Jesus"&amp#27;[0m&amp#27;[32m, usuario &amp#27;[0m&amp#27;[32m&amp#27;[1m"chuy"&amp#27;[0m&amp#27;[32m y contraseña &amp#27;[0m&amp#27;[32m&amp#27;[1m"1234"&amp#27;[0m &amp#27;[90m# com.cerdocapitalista.banco.StepDefinitions.cuando_cree_una_cuenta_nueva(java.lang.String,java.lang.String,java.lang.String)&amp#27;[0m
  &amp#27;[32mThen &amp#27;[0m&amp#27;[32mdeberia poder encontrar una cuenta a nombre de &amp#27;[0m&amp#27;[32m&amp#27;[1m"chuy"&amp#27;[0m                              &amp#27;[90m# com.cerdocapitalista.banco.StepDefinitions.encontrando_la_cuenta_que_cree(java.lang.String)&amp#27;[0m
]]></system-out>
  </testcase>
</testsuite>